\BOOKMARK [1][-]{Dedication.1}{Dedication}{}% 1
\BOOKMARK [1][-]{Abstract.1}{Abstract}{}% 2
\BOOKMARK [1][-]{Publications.1}{Publications}{}% 3
\BOOKMARK [1][-]{Acknowledgements.1}{Acknowledgements}{}% 4
\BOOKMARK [1][-]{tableofcontents.1}{Contents}{}% 5
\BOOKMARK [1][-]{lof.1}{List of Figures}{}% 6
\BOOKMARK [1][-]{lot.1}{List of Tables}{}% 7
\BOOKMARK [1][-]{lol.1}{Listings}{}% 8
\BOOKMARK [1][-]{acronyms.1}{Acronyms}{}% 9
\BOOKMARK [-1][]{part.1}{Introduction}{}% 10
\BOOKMARK [-1][]{part.2}{Modeling and simulation of boiling flows using CFD}{}% 11
\BOOKMARK [0][]{chapter.1}{1 NEPTUNE\137CFD Code}{part.2}% 12
\BOOKMARK [1][-]{section.1.1}{1.1 The NEPTUNE\137CFD code and physical modeling}{chapter.1}% 13
\BOOKMARK [2][-]{subsection.1.1.1}{1.1.1 Simulation framework}{section.1.1}% 14
\BOOKMARK [2][-]{subsection.1.1.2}{1.1.2 Governing equations for turbulent boiling bubbly flows}{section.1.1}% 15
\BOOKMARK [2][-]{subsection.1.1.3}{1.1.3 Interfacial transfers closure laws}{section.1.1}% 16
\BOOKMARK [2][-]{subsection.1.1.4}{1.1.4 Turbulence modeling}{section.1.1}% 17
\BOOKMARK [2][-]{subsection.1.1.5}{1.1.5 Wall boiling model}{section.1.1}% 18
\BOOKMARK [2][-]{subsection.1.1.6}{1.1.6 Wall function for dispersed boiling flows}{section.1.1}% 19
\BOOKMARK [0][]{chapter.2}{2 DEBORA Cases}{part.2}% 20
\BOOKMARK [1][-]{section.2.1}{2.1 Boiling freon in a simple tube : DEBORA experiments}{chapter.2}% 21
\BOOKMARK [2][-]{subsection.2.1.1}{2.1.1 Description of the experiment}{section.2.1}% 22
\BOOKMARK [2][-]{subsection.2.1.2}{2.1.2 Analysis of the Experimental Measurements}{section.2.1}% 23
\BOOKMARK [2][-]{subsection.2.1.3}{2.1.3 Comparison with One Dimensional Correlations}{section.2.1}% 24
\BOOKMARK [2][-]{subsection.2.1.4}{2.1.4 Experimental Heat Flux Corrections}{section.2.1}% 25
\BOOKMARK [2][-]{subsection.2.1.5}{2.1.5 NEPTUNE\137CFD simulations of DEBORA cases}{section.2.1}% 26
\BOOKMARK [2][-]{subsection.2.1.6}{2.1.6 Investigating the nucleation site density modeling Nsit}{section.2.1}% 27
\BOOKMARK [-1][]{part.3}{Development of a New Wall Heat Flux Partitioning Model}{}% 28
\BOOKMARK [0][]{chapter.3}{3 Introduction}{part.3}% 29
\BOOKMARK [1][-]{section.3.1}{3.1 First Approaches : Correlations}{chapter.3}% 30
\BOOKMARK [0][]{chapter.4}{4 Existing Heat Flux Partitioning Models}{part.3}% 31
\BOOKMARK [1][-]{section.4.1}{4.1 Kurul \046 Podowski \(1990\)}{chapter.4}% 32
\BOOKMARK [1][-]{section.4.2}{4.2 Basu \(2000\)}{chapter.4}% 33
\BOOKMARK [2][-]{subsection.4.2.1}{4.2.1 Case 1 : Bubble sliding, Dd<s}{section.4.2}% 34
\BOOKMARK [2][-]{subsection.4.2.2}{4.2.2 Case 2 : Bubble coalesence without sliding, Dds}{section.4.2}% 35
\BOOKMARK [1][-]{section.4.3}{4.3 Gilman \(2017\)}{chapter.4}% 36
\BOOKMARK [1][-]{section.4.4}{4.4 Zhou \(2020\)}{chapter.4}% 37
\BOOKMARK [1][-]{section.4.5}{4.5 Closure Laws for Remaining Parameters}{chapter.4}% 38
\BOOKMARK [2][-]{subsection.4.5.1}{4.5.1 Nucleation Site Density : Nsit}{section.4.5}% 39
\BOOKMARK [2][-]{subsection.4.5.2}{4.5.2 Bubble Departure Frequency f, Growth Time tg and Wait Time tw}{section.4.5}% 40
\BOOKMARK [0][]{chapter.5}{5 Boiling Bubble Dynamics}{part.3}% 41
\BOOKMARK [1][-]{section.5.1}{5.1 Introduction}{chapter.5}% 42
\BOOKMARK [2][-]{subsection.5.1.1}{5.1.1 Experimental Insights}{section.5.1}% 43
\BOOKMARK [2][-]{subsection.5.1.2}{5.1.2 Existing Approaches}{section.5.1}% 44
\BOOKMARK [1][-]{section.5.2}{5.2 Bubble Force Balance in Vertical Flow Boiling}{chapter.5}% 45
\BOOKMARK [2][-]{subsection.5.2.1}{5.2.1 Bubble shape : Geometrical definitions}{section.5.2}% 46
\BOOKMARK [2][-]{subsection.5.2.2}{5.2.2 Buoyancy force}{section.5.2}% 47
\BOOKMARK [2][-]{subsection.5.2.3}{5.2.3 Contact Pressure force}{section.5.2}% 48
\BOOKMARK [2][-]{subsection.5.2.4}{5.2.4 Capillary force}{section.5.2}% 49
\BOOKMARK [2][-]{subsection.5.2.5}{5.2.5 Added Mass force of a growing bubble}{section.5.2}% 50
\BOOKMARK [2][-]{subsection.5.2.6}{5.2.6 Added Mass from Duhar et al.}{section.5.2}% 51
\BOOKMARK [2][-]{subsection.5.2.7}{5.2.7 Lift and drag forces}{section.5.2}% 52
\BOOKMARK [1][-]{section.5.3}{5.3 Force Balance Modeling}{chapter.5}% 53
\BOOKMARK [2][-]{subsection.5.3.1}{5.3.1 General Considerations}{section.5.3}% 54
\BOOKMARK [2][-]{subsection.5.3.2}{5.3.2 Buoyancy Force}{section.5.3}% 55
\BOOKMARK [2][-]{subsection.5.3.3}{5.3.3 Capillary Force}{section.5.3}% 56
\BOOKMARK [2][-]{subsection.5.3.4}{5.3.4 Contact Pressure Force}{section.5.3}% 57
\BOOKMARK [2][-]{subsection.5.3.5}{5.3.5 Drag and Lift Forces}{section.5.3}% 58
\BOOKMARK [2][-]{subsection.5.3.6}{5.3.6 Inertia Force}{section.5.3}% 59
\BOOKMARK [2][-]{subsection.5.3.7}{5.3.7 Force Balance Summary}{section.5.3}% 60
\BOOKMARK [2][-]{subsection.5.3.8}{5.3.8 Liquid Velocity}{section.5.3}% 61
\BOOKMARK [1][-]{section.5.4}{5.4 Departure by Sliding}{chapter.5}% 62
\BOOKMARK [2][-]{subsection.5.4.1}{5.4.1 Non-Dimensional Analysis}{section.5.4}% 63
\BOOKMARK [2][-]{subsection.5.4.2}{5.4.2 Application to Experimental Data}{section.5.4}% 64
\BOOKMARK [2][-]{subsection.5.4.3}{5.4.3 Departure Diameter Prediction}{section.5.4}% 65
\BOOKMARK [2][-]{subsection.5.4.4}{5.4.4 Discussion and accounting for parameters uncertainties}{section.5.4}% 66
\BOOKMARK [1][-]{section.5.5}{5.5 Sliding phase}{chapter.5}% 67
\BOOKMARK [2][-]{subsection.5.5.1}{5.5.1 Modeling}{section.5.5}% 68
\BOOKMARK [2][-]{subsection.5.5.2}{5.5.2 Low Pressure Sliding}{section.5.5}% 69
\BOOKMARK [2][-]{subsection.5.5.3}{5.5.3 High Pressure Sliding}{section.5.5}% 70
\BOOKMARK [1][-]{section.5.6}{5.6 Conclusion}{chapter.5}% 71
\BOOKMARK [1][-]{section.5.7}{5.7 Bubble Lift-Off}{chapter.5}% 72
\BOOKMARK [0][]{chapter.6}{6 Closure laws for the Heat Flux Partitioning model}{part.3}% 73
\BOOKMARK [1][-]{section.6.1}{6.1 Single-Phase Heat Transfer Coefficient}{chapter.6}% 74
\BOOKMARK [1][-]{section.6.2}{6.2 Single Bubble Quenching Area}{chapter.6}% 75
\BOOKMARK [1][-]{section.6.3}{6.3 Bubble Growth}{chapter.6}% 76
\BOOKMARK [2][-]{subsection.6.3.1}{6.3.1 Analytic derivation of bubble growth in a linear thermal boundary layer}{section.6.3}% 77
\BOOKMARK [2][-]{subsection.6.3.2}{6.3.2 Case 1 : b is constant}{section.6.3}% 78
\BOOKMARK [2][-]{subsection.6.3.3}{6.3.3 Case 2 : b=lt}{section.6.3}% 79
\BOOKMARK [2][-]{subsection.6.3.4}{6.3.4 Case 3 : b=CR}{section.6.3}% 80
\BOOKMARK [2][-]{subsection.6.3.5}{6.3.5 Comparison with experimental data and DNS}{section.6.3}% 81
\BOOKMARK [2][-]{subsection.6.3.6}{6.3.6 Estimation of the thermal boundary layer thickness }{section.6.3}% 82
\BOOKMARK [2][-]{subsection.6.3.7}{6.3.7 Estimation of tg against experimental data}{section.6.3}% 83
\BOOKMARK [1][-]{section.6.4}{6.4 Bubble Wait Time}{chapter.6}% 84
\BOOKMARK [1][-]{section.6.5}{6.5 Nucleation Site Density}{chapter.6}% 85
\BOOKMARK [1][-]{section.6.6}{6.6 Considerations on bubble interaction and nucleation sites deactivation}{chapter.6}% 86
\BOOKMARK [2][-]{subsection.6.6.1}{6.6.1 Static suppression}{section.6.6}% 87
\BOOKMARK [2][-]{subsection.6.6.2}{6.6.2 Static coalescence}{section.6.6}% 88
\BOOKMARK [2][-]{subsection.6.6.3}{6.6.3 Sliding coalescence}{section.6.6}% 89
\BOOKMARK [0][]{chapter.7}{7 Assembling a new Heat Flux Partitioning Model}{part.3}% 90
\BOOKMARK [1][-]{section.7.1}{7.1 General description of the model}{chapter.7}% 91
\BOOKMARK [2][-]{subsection.7.1.1}{7.1.1 Convective heat fluxes}{section.7.1}% 92
\BOOKMARK [2][-]{subsection.7.1.2}{7.1.2 Boiling heat flux}{section.7.1}% 93
\BOOKMARK [2][-]{subsection.7.1.3}{7.1.3 Quenching heat flux}{section.7.1}% 94
\BOOKMARK [2][-]{subsection.7.1.4}{7.1.4 Needed closure relationships}{section.7.1}% 95
\BOOKMARK [-1][]{part.4}{Towards the Industrial Geometry}{}% 96
\BOOKMARK [0][]{chapter.8}{8 Promoteur}{part.4}% 97
\BOOKMARK [1][-]{section.8.1}{8.1 Boiling freon in a tube with mixing vanes : DEBORA-Promoteur experiments}{chapter.8}% 98
\BOOKMARK [2][-]{subsection.8.1.1}{8.1.1 Description of the experiment}{section.8.1}% 99
\BOOKMARK [2][-]{subsection.8.1.2}{8.1.2 Analysis of the Experimental Measurements}{section.8.1}% 100
\BOOKMARK [2][-]{subsection.8.1.3}{8.1.3 NEPTUNE\137CFD simulations of DEBORA-Promoteur cases}{section.8.1}% 101
\BOOKMARK [1][-]{section.8.2}{8.2 Liquid water flow in a tube with mixing vanes : AGATE-PROMOTEUR experiment}{chapter.8}% 102
\BOOKMARK [2][-]{subsection.8.2.1}{8.2.1 Description of the experiment}{section.8.2}% 103
\BOOKMARK [2][-]{subsection.8.2.2}{8.2.2 NEPTUNE\137CFD simulations of AGATE-Promoteur case}{section.8.2}% 104
\BOOKMARK [-1][]{part.5}{Conclusion}{}% 105
\BOOKMARK [-1][]{part.6}{Appendix}{}% 106
\BOOKMARK [0][]{appendix.A}{A Details on the Bubble Force Balance}{part.6}% 107
\BOOKMARK [1][-]{section.A.1}{A.1 Appendix Section Test}{appendix.A}% 108
\BOOKMARK [1][-]{section.A.2}{A.2 Another Appendix Section Test}{appendix.A}% 109
\BOOKMARK [0][]{dummy.7}{Bibliography}{part.6}% 110
\BOOKMARK [0][]{declaration.0}{Declaration}{part.6}% 111
\BOOKMARK [0][]{colophon.0}{Colophon}{part.6}% 112
